mode: atomic
eduhub/server/docs/docs.go:99.13,101.2 1 0
eduhub/server/internal/repository/sqlc_gen/attendance.sql.go:25.91,28.2 2 0
eduhub/server/internal/repository/sqlc_gen/attendance.sql.go:56.131,63.16 2 0
eduhub/server/internal/repository/sqlc_gen/attendance.sql.go:63.16,65.3 1 0
eduhub/server/internal/repository/sqlc_gen/attendance.sql.go:66.2,68.18 3 0
eduhub/server/internal/repository/sqlc_gen/attendance.sql.go:68.18,79.17 2 0
eduhub/server/internal/repository/sqlc_gen/attendance.sql.go:79.17,81.4 1 0
eduhub/server/internal/repository/sqlc_gen/attendance.sql.go:82.3,82.27 1 0
eduhub/server/internal/repository/sqlc_gen/attendance.sql.go:84.2,84.35 1 0
eduhub/server/internal/repository/sqlc_gen/attendance.sql.go:84.35,86.3 1 0
eduhub/server/internal/repository/sqlc_gen/attendance.sql.go:87.2,87.19 1 0
eduhub/server/internal/repository/sqlc_gen/attendance.sql.go:117.134,125.16 2 0
eduhub/server/internal/repository/sqlc_gen/attendance.sql.go:125.16,127.3 1 0
eduhub/server/internal/repository/sqlc_gen/attendance.sql.go:128.2,130.18 3 0
eduhub/server/internal/repository/sqlc_gen/attendance.sql.go:130.18,141.17 2 0
eduhub/server/internal/repository/sqlc_gen/attendance.sql.go:141.17,143.4 1 0
eduhub/server/internal/repository/sqlc_gen/attendance.sql.go:144.3,144.27 1 0
eduhub/server/internal/repository/sqlc_gen/attendance.sql.go:146.2,146.35 1 0
eduhub/server/internal/repository/sqlc_gen/attendance.sql.go:146.35,148.3 1 0
eduhub/server/internal/repository/sqlc_gen/attendance.sql.go:149.2,149.19 1 0
eduhub/server/internal/repository/sqlc_gen/attendance.sql.go:178.128,185.16 2 0
eduhub/server/internal/repository/sqlc_gen/attendance.sql.go:185.16,187.3 1 0
eduhub/server/internal/repository/sqlc_gen/attendance.sql.go:188.2,190.18 3 0
eduhub/server/internal/repository/sqlc_gen/attendance.sql.go:190.18,201.17 2 0
eduhub/server/internal/repository/sqlc_gen/attendance.sql.go:201.17,203.4 1 0
eduhub/server/internal/repository/sqlc_gen/attendance.sql.go:204.3,204.27 1 0
eduhub/server/internal/repository/sqlc_gen/attendance.sql.go:206.2,206.35 1 0
eduhub/server/internal/repository/sqlc_gen/attendance.sql.go:206.35,208.3 1 0
eduhub/server/internal/repository/sqlc_gen/attendance.sql.go:209.2,209.19 1 0
eduhub/server/internal/repository/sqlc_gen/attendance.sql.go:239.152,247.16 2 0
eduhub/server/internal/repository/sqlc_gen/attendance.sql.go:247.16,249.3 1 0
eduhub/server/internal/repository/sqlc_gen/attendance.sql.go:250.2,252.18 3 0
eduhub/server/internal/repository/sqlc_gen/attendance.sql.go:252.18,263.17 2 0
eduhub/server/internal/repository/sqlc_gen/attendance.sql.go:263.17,265.4 1 0
eduhub/server/internal/repository/sqlc_gen/attendance.sql.go:266.3,266.27 1 0
eduhub/server/internal/repository/sqlc_gen/attendance.sql.go:268.2,268.35 1 0
eduhub/server/internal/repository/sqlc_gen/attendance.sql.go:268.35,270.3 1 0
eduhub/server/internal/repository/sqlc_gen/attendance.sql.go:271.2,271.19 1 0
eduhub/server/internal/repository/sqlc_gen/attendance.sql.go:300.101,324.2 4 0
eduhub/server/internal/repository/sqlc_gen/attendance.sql.go:349.97,359.2 2 0
eduhub/server/internal/repository/sqlc_gen/attendance.sql.go:374.95,382.2 2 0
eduhub/server/internal/repository/sqlc_gen/attendance.sql.go:398.91,407.2 2 0
eduhub/server/internal/repository/sqlc_gen/db.go:20.28,22.2 1 0
eduhub/server/internal/repository/sqlc_gen/db.go:28.46,32.2 1 0
eduhub/server/logger/logger.go:9.28,14.2 2 0
eduhub/server/logger/logger.go:16.61,18.2 1 0
eduhub/server/logger/logger.go:20.62,22.2 1 0
eduhub/server/logger/logger.go:24.55,26.31 2 0
eduhub/server/logger/logger.go:26.31,27.37 1 0
eduhub/server/logger/logger.go:27.37,29.4 1 0
eduhub/server/logger/logger.go:31.2,31.18 1 0
